2025-11-26 23:06:24,729 - __main__ - INFO - Opening page...
2025-11-26 23:06:27,075 - __main__ - INFO - Inserting date range...
2025-11-26 23:06:37,085 - __main__ - ERROR - Attempt 1 failed: Timeout 10000ms exceeded.
2025-11-26 23:06:37,085 - __main__ - INFO - Retrying in 5 seconds...
2025-11-26 23:06:43,226 - __main__ - INFO - Opening page...
2025-11-26 23:06:45,180 - __main__ - INFO - Inserting date range...
2025-11-26 23:06:49,074 - __main__ - ERROR - Attempt 2 failed: Target page, context or browser has been closed
2025-11-26 23:06:49,074 - __main__ - INFO - Retrying in 5 seconds...
2025-11-26 23:07:30,641 - __main__ - INFO - Navigating to login page...
2025-11-26 23:07:32,627 - __main__ - INFO - Login attempt 1...
2025-11-26 23:07:40,986 - __main__ - INFO - Inserting date range...
2025-11-26 23:07:48,638 - __main__ - ERROR - Attempt 1 failed: Target page, context or browser has been closed
2025-11-26 23:07:48,638 - __main__ - INFO - Retrying in 5 seconds...
2025-11-26 23:07:54,357 - __main__ - INFO - Navigating to login page...
2025-11-26 23:07:56,694 - __main__ - INFO - Login attempt 1...
2025-11-26 23:08:02,077 - __main__ - ERROR - Login attempt 1 failed: Target page, context or browser has been closed
=========================== logs ===========================
"domcontentloaded" event fired
"load" event fired
============================================================
2025-11-26 23:08:02,091 - __main__ - ERROR - Attempt 2 failed: Target page, context or browser has been closed
2025-11-26 23:08:02,108 - __main__ - INFO - Retrying in 5 seconds...
2025-11-26 23:08:39,521 - __main__ - INFO - Navigating to login page...
2025-11-26 23:08:42,000 - __main__ - INFO - Login attempt 1...
2025-11-26 23:08:51,449 - __main__ - INFO - Navigating to Analytics...
2025-11-26 23:08:53,707 - __main__ - INFO - Opening Saved Reports...
2025-11-26 23:08:53,891 - __main__ - INFO - Opening DEPREC...
2025-11-26 23:09:00,971 - __main__ - INFO - Inserting date range...
2025-11-26 23:09:02,389 - __main__ - INFO - Date range entered, waiting for page to load...
2025-11-26 23:09:06,067 - __main__ - INFO - Initiating download...
2025-11-26 23:09:08,256 - __main__ - INFO - Clicking Export Report...
2025-11-26 23:10:21,103 - __main__ - INFO - Navigating to login page...
2025-11-26 23:10:23,299 - __main__ - INFO - Login attempt 1...
2025-11-26 23:10:32,073 - __main__ - INFO - Navigating to Analytics...
2025-11-26 23:10:34,135 - __main__ - INFO - Opening Saved Reports...
2025-11-26 23:10:34,471 - __main__ - INFO - Opening DEPREC...
2025-11-26 23:10:41,913 - __main__ - INFO - Inserting date range...
2025-11-26 23:10:47,549 - __main__ - INFO - Date range entered, waiting for page to load...
2025-11-26 23:10:53,488 - __main__ - INFO - Initiating download...
2025-11-26 23:10:55,818 - __main__ - INFO - Clicking Export Report...
2025-11-26 23:12:27,342 - __main__ - INFO - Navigating to login page...
2025-11-26 23:12:29,453 - __main__ - INFO - Login attempt 1...
2025-11-26 23:12:38,434 - __main__ - INFO - Navigating to Analytics...
2025-11-26 23:12:40,744 - __main__ - INFO - Opening Saved Reports...
2025-11-26 23:12:40,898 - __main__ - INFO - Opening DEPREC...
2025-11-26 23:12:46,488 - __main__ - INFO - Inserting date range...
2025-11-26 23:12:51,783 - __main__ - INFO - Date range entered, waiting for page to load...
2025-11-26 23:12:57,619 - __main__ - INFO - Initiating download...
2025-11-26 23:12:59,813 - __main__ - INFO - Clicking Export Report...
2025-11-26 23:13:16,225 - __main__ - INFO - Navigating to login page...
2025-11-26 23:13:18,373 - __main__ - INFO - Login attempt 1...
2025-11-26 23:13:26,387 - __main__ - INFO - Navigating to Analytics...
2025-11-26 23:13:28,882 - __main__ - INFO - Opening Saved Reports...
2025-11-26 23:13:29,125 - __main__ - INFO - Opening DEPREC...
2025-11-26 23:13:34,577 - __main__ - INFO - Inserting date range...
2025-11-26 23:13:40,064 - __main__ - INFO - Date range entered, waiting for page to load...
2025-11-26 23:13:45,001 - __main__ - INFO - Initiating download...
2025-11-26 23:13:46,974 - __main__ - ERROR - Attempt 1 failed: Target page, context or browser has been closed
2025-11-26 23:13:46,979 - __main__ - INFO - Retrying in 5 seconds...
2025-11-26 23:41:43,378 - __main__ - INFO - Navigating to login page...
2025-11-26 23:41:45,804 - __main__ - INFO - Login attempt 1...
2025-11-26 23:41:52,873 - __main__ - INFO - Navigating to Analytics...
2025-11-26 23:41:54,919 - __main__ - INFO - Opening Saved Reports...
2025-11-26 23:41:55,266 - __main__ - INFO - Opening DEPREC...
2025-11-26 23:42:01,698 - __main__ - INFO - Inserting date range...
2025-11-26 23:42:07,960 - __main__ - INFO - Date range entered, waiting for page to load...
2025-11-26 23:42:15,863 - __main__ - INFO - Adding Merchant column...
2025-11-26 23:42:25,871 - __main__ - ERROR - Attempt 1 failed: Timeout 10000ms exceeded.
2025-11-26 23:42:25,871 - __main__ - INFO - Retrying in 5 seconds...
2025-11-26 23:42:31,580 - __main__ - INFO - Navigating to login page...
2025-11-26 23:42:33,830 - __main__ - INFO - Login attempt 1...
2025-11-26 23:42:40,394 - __main__ - INFO - Navigating to Analytics...
2025-11-26 23:42:42,420 - __main__ - INFO - Opening Saved Reports...
2025-11-26 23:42:42,726 - __main__ - INFO - Opening DEPREC...
2025-11-26 23:42:48,607 - __main__ - INFO - Inserting date range...
2025-11-26 23:42:54,926 - __main__ - INFO - Date range entered, waiting for page to load...
2025-11-26 23:43:01,026 - __main__ - INFO - Adding Merchant column...
2025-11-26 23:43:11,145 - __main__ - ERROR - Attempt 2 failed: Timeout 10000ms exceeded.
2025-11-26 23:43:11,147 - __main__ - INFO - Retrying in 5 seconds...
2025-11-26 23:43:17,629 - __main__ - INFO - Navigating to login page...
2025-11-26 23:43:20,176 - __main__ - INFO - Login attempt 1...
2025-11-26 23:43:20,543 - __main__ - INFO - Navigating to Analytics...
2025-11-26 23:43:20,546 - __main__ - ERROR - Attempt 3 failed: Target page, context or browser has been closed
2025-11-26 23:43:20,546 - __main__ - ERROR - All retry attempts failed
2025-11-26 23:43:59,508 - __main__ - INFO - Navigating to login page...
2025-11-26 23:44:01,907 - __main__ - INFO - Login attempt 1...
2025-11-26 23:44:09,687 - __main__ - INFO - Navigating to Analytics...
2025-11-26 23:44:12,130 - __main__ - INFO - Opening Saved Reports...
2025-11-26 23:44:12,308 - __main__ - INFO - Opening DEPREC...
2025-11-26 23:44:17,938 - __main__ - INFO - Inserting date range...
2025-11-26 23:44:23,401 - __main__ - INFO - Date range entered, waiting for page to load...
2025-11-26 23:44:28,736 - __main__ - INFO - Adding Merchant column...
2025-11-26 23:44:38,776 - __main__ - ERROR - Attempt 1 failed: Timeout 10000ms exceeded.
2025-11-26 23:44:38,866 - __main__ - INFO - Retrying in 5 seconds...
2025-11-26 23:47:11,587 - __main__ - INFO - Navigating to login page...
2025-11-26 23:47:13,986 - __main__ - INFO - Login attempt 1...
2025-11-26 23:47:22,354 - __main__ - INFO - Navigating to Analytics...
2025-11-26 23:47:24,616 - __main__ - INFO - Opening Saved Reports...
2025-11-26 23:47:24,861 - __main__ - INFO - Opening DEPREC...
2025-11-26 23:47:31,570 - __main__ - INFO - Inserting date range...
2025-11-26 23:47:37,886 - __main__ - INFO - Date range entered, waiting for page to load...
2025-11-26 23:47:43,828 - __main__ - INFO - Adding Merchant column...
2025-11-26 23:47:46,614 - __main__ - INFO - Merchant column added, waiting for page to load...
2025-11-26 23:47:46,640 - __main__ - INFO - Initiating download...
2025-11-26 23:47:48,866 - __main__ - INFO - Clicking Export Report...
